<?xml version="1.0" encoding="UTF-8"?>
<testsuite xmlns:xsi="http://www.w3.org/2001/XMLSchema-instance" xsi:noNamespaceSchemaLocation="https://maven.apache.org/surefire/maven-surefire-plugin/xsd/surefire-test-report-3.0.xsd" version="3.0" name="cucumber.Options.TestRunner" time="14.575" tests="14" errors="0" skipped="0" failures="0">
  <properties>
[...]
</properties>
  <testcase name="" classname="Validation Of Trello Boards" time="4.5">
    <system-out><![CDATA[
&amp#27;[1mScenario Outline:&amp#27;[22m                                                                                                      &amp#27;[90m# file:///C:/WebProject/Trello/src/test/java/features/BoardValidation.feature:18&amp#27;[39m
Creating new board payload: First
  &amp#27;[32mâœ”&amp#27;[39m &amp#27;[32m&amp#27;[1mGiven &amp#27;[22mAdd Board Payload with Board name &amp#27;[1m"First"&amp#27;[22m&amp#27;[39m                                                                    &amp#27;[90m# stepDefinitionFile.BoardStepDefinitions.add_board_payload(java.lang.String)&amp#27;[39m
Calling API: AddBoardAPI using method: post
API call completed. Endpoint: /boards/, Status: 200
  &amp#27;[32mâœ”&amp#27;[39m &amp#27;[32m&amp#27;[1mWhen &amp#27;[22mUser call &amp#27;[1m"AddBoardAPI"&amp#27;[22m by using &amp#27;[1m"post"&amp#27;[22m request&amp#27;[39m                                                               &amp#27;[90m# stepDefinitionFile.CommonSteps.user_call_api(java.lang.String,java.lang.String)&amp#27;[39m
  &amp#27;[32mâœ”&amp#27;[39m &amp#27;[32m&amp#27;[1mThen &amp#27;[22mAPI call is successfully with 200 status code&amp#27;[39m                                                                 &amp#27;[90m# stepDefinitionFile.CommonSteps.api_call_is_successfully_with_200_status_code()&amp#27;[39m
Board verified successfully: ID=6906b68ef15f686d08bda6ea, Name=First
  &amp#27;[32mâœ”&amp#27;[39m &amp#27;[32m&amp#27;[1mAnd &amp#27;[22mVerify all important details of the created Board with name &amp#27;[1m"First"&amp#27;[22m and URL containing &amp#27;[1m"https://trello.com/b/"&amp#27;[22m&amp#27;[39m &amp#27;[90m# stepDefinitionFile.BoardStepDefinitions.verify_created_board(java.lang.String,java.lang.String)&amp#27;[39m
Using stored Board ID: 6906b68ef15f686d08bda6ea
  &amp#27;[32mâœ”&amp#27;[39m &amp#27;[32m&amp#27;[1mGiven &amp#27;[22mBoard ID is stored from previous response&amp#27;[39m                                                                    &amp#27;[90m# stepDefinitionFile.CommonSteps.board_id_stored()&amp#27;[39m
Calling API: GetBoardAPI using method: get
API call completed. Endpoint: /boards/6906b68ef15f686d08bda6ea, Status: 200
  &amp#27;[32mâœ”&amp#27;[39m &amp#27;[32m&amp#27;[1mWhen &amp#27;[22mUser call &amp#27;[1m"GetBoardAPI"&amp#27;[22m by using &amp#27;[1m"get"&amp#27;[22m request&amp#27;[39m                                                                &amp#27;[90m# stepDefinitionFile.CommonSteps.user_call_api(java.lang.String,java.lang.String)&amp#27;[39m
  &amp#27;[32mâœ”&amp#27;[39m &amp#27;[32m&amp#27;[1mThen &amp#27;[22mAPI call is successfully with 200 status code&amp#27;[39m                                                                 &amp#27;[90m# stepDefinitionFile.CommonSteps.api_call_is_successfully_with_200_status_code()&amp#27;[39m
Board verified successfully: ID=6906b68ef15f686d08bda6ea, Name=First
  &amp#27;[32mâœ”&amp#27;[39m &amp#27;[32m&amp#27;[1mAnd &amp#27;[22mVerify all important details of the created Board with name &amp#27;[1m"First"&amp#27;[22m and URL containing &amp#27;[1m"https://trello.com/b/"&amp#27;[22m&amp#27;[39m &amp#27;[90m# stepDefinitionFile.BoardStepDefinitions.verify_created_board(java.lang.String,java.lang.String)&amp#27;[39m
]]></system-out>
  </testcase>
  <testcase name="Update a board&apos;s name using UpdateBoardAPI" classname="Validation Of Trello Boards" time="0.462">
    <system-out><![CDATA[
&amp#27;[1mScenario:&amp#27;[22m Update a board's name using UpdateBoardAPI               &amp#27;[90m# file:///C:/WebProject/Trello/src/test/java/features/BoardValidation.feature:20&amp#27;[39m
Prepared payload to update Board name to: hammad868_Updated
  &amp#27;[32mâœ”&amp#27;[39m &amp#27;[32m&amp#27;[1mGiven &amp#27;[22mUpdate Board Payload with Board name &amp#27;[1m"hammad868_Updated"&amp#27;[22m&amp#27;[39m &amp#27;[90m# stepDefinitionFile.BoardStepDefinitions.update_board_payload(java.lang.String)&amp#27;[39m
Calling API: UpdateBoardAPI using method: put
API call completed. Endpoint: /boards/6906b68ef15f686d08bda6ea, Status: 200
  &amp#27;[32mâœ”&amp#27;[39m &amp#27;[32m&amp#27;[1mWhen &amp#27;[22mUser call &amp#27;[1m"UpdateBoardAPI"&amp#27;[22m by using &amp#27;[1m"put"&amp#27;[22m request&amp#27;[39m         &amp#27;[90m# stepDefinitionFile.CommonSteps.user_call_api(java.lang.String,java.lang.String)&amp#27;[39m
  &amp#27;[32mâœ”&amp#27;[39m &amp#27;[32m&amp#27;[1mThen &amp#27;[22mAPI call is successfully with 200 status code&amp#27;[39m             &amp#27;[90m# stepDefinitionFile.CommonSteps.api_call_is_successfully_with_200_status_code()&amp#27;[39m
Board Name Updated: hammad868_Updated
  &amp#27;[32mâœ”&amp#27;[39m &amp#27;[32m&amp#27;[1mAnd &amp#27;[22mVerify Board name is updated to &amp#27;[1m"hammad868_Updated"&amp#27;[22m&amp#27;[39m        &amp#27;[90m# stepDefinitionFile.BoardStepDefinitions.verify_board_name_updated(java.lang.String)&amp#27;[39m
]]></system-out>
  </testcase>
  <testcase name="Verify the updated board name is reflected when fetching board details" classname="Validation Of Trello Boards" time="0.341">
    <system-out><![CDATA[
&amp#27;[1mScenario:&amp#27;[22m Verify the updated board name is reflected when fetching board details        &amp#27;[90m# file:///C:/WebProject/Trello/src/test/java/features/BoardValidation.feature:27&amp#27;[39m
Using stored Board ID: 6906b68ef15f686d08bda6ea
  &amp#27;[32mâœ”&amp#27;[39m &amp#27;[32m&amp#27;[1mGiven &amp#27;[22mBoard ID is stored from previous response&amp#27;[39m                                     &amp#27;[90m# stepDefinitionFile.CommonSteps.board_id_stored()&amp#27;[39m
Calling API: GetBoardAPI using method: get
API call completed. Endpoint: /boards/6906b68ef15f686d08bda6ea, Status: 200
  &amp#27;[32mâœ”&amp#27;[39m &amp#27;[32m&amp#27;[1mWhen &amp#27;[22mUser call &amp#27;[1m"GetBoardAPI"&amp#27;[22m by using &amp#27;[1m"get"&amp#27;[22m request&amp#27;[39m                                 &amp#27;[90m# stepDefinitionFile.CommonSteps.user_call_api(java.lang.String,java.lang.String)&amp#27;[39m
  &amp#27;[32mâœ”&amp#27;[39m &amp#27;[32m&amp#27;[1mThen &amp#27;[22mAPI call is successfully with 200 status code&amp#27;[39m                                  &amp#27;[90m# stepDefinitionFile.CommonSteps.api_call_is_successfully_with_200_status_code()&amp#27;[39m
Updated Board verified: Name=hammad868_Updated
  &amp#27;[32mâœ”&amp#27;[39m &amp#27;[32m&amp#27;[1mAnd &amp#27;[22mVerify all important details of the updated Board with name &amp#27;[1m"hammad868_Updated"&amp#27;[22m&amp#27;[39m &amp#27;[90m# stepDefinitionFile.BoardStepDefinitions.verify_updated_board(java.lang.String)&amp#27;[39m
]]></system-out>
  </testcase>
  <testcase name="Create a new card under an existing list" classname="Validation of Trello Cards" time="1.918">
    <system-out><![CDATA[
&amp#27;[1mScenario:&amp#27;[22m Create a new card under an existing list                        &amp#27;[90m# file:///C:/WebProject/Trello/src/test/java/features/CardValidation.feature:3&amp#27;[39m
No existing list found creating a temporary list
Created temporary list: 6906b6909abb239518a21362
  &amp#27;[32mâœ”&amp#27;[39m &amp#27;[32m&amp#27;[1mGiven &amp#27;[22mList ID is stored from previous response&amp#27;[39m                        &amp#27;[90m# stepDefinitionFile.ListStepDefinitions.list_id_is_stored_from_previous_response()&amp#27;[39m
Prepared card payload: First Card
  &amp#27;[32mâœ”&amp#27;[39m &amp#27;[32m&amp#27;[1mAnd &amp#27;[22mAdd Card Payload with Card name &amp#27;[1m"First Card"&amp#27;[22m&amp#27;[39m                      &amp#27;[90m# stepDefinitionFile.CardStepDefinitions.add_card_payload(java.lang.String)&amp#27;[39m
Calling API: CREATE_CARD_API using method: post
API call completed. Endpoint: /cards, Status: 200
  &amp#27;[32mâœ”&amp#27;[39m &amp#27;[32m&amp#27;[1mWhen &amp#27;[22mUser call &amp#27;[1m"CREATE_CARD_API"&amp#27;[22m by using &amp#27;[1m"post"&amp#27;[22m request&amp#27;[39m              &amp#27;[90m# stepDefinitionFile.CommonSteps.user_call_api(java.lang.String,java.lang.String)&amp#27;[39m
  &amp#27;[32mâœ”&amp#27;[39m &amp#27;[32m&amp#27;[1mThen &amp#27;[22mAPI call is successfully with 200 status code&amp#27;[39m                    &amp#27;[90m# stepDefinitionFile.CommonSteps.api_call_is_successfully_with_200_status_code()&amp#27;[39m
Card verified successfully: First Card
  &amp#27;[32mâœ”&amp#27;[39m &amp#27;[32m&amp#27;[1mAnd &amp#27;[22mVerify Card details with name &amp#27;[1m"First Card"&amp#27;[22m and associated List ID&amp#27;[39m &amp#27;[90m# stepDefinitionFile.CardStepDefinitions.verify_card_details(java.lang.String)&amp#27;[39m
]]></system-out>
  </testcase>
  <testcase name="Update the card name" classname="Validation of Trello Cards" time="0.51">
    <system-out><![CDATA[
&amp#27;[1mScenario:&amp#27;[22m Update the card name                                                    &amp#27;[90m# file:///C:/WebProject/Trello/src/test/java/features/CardValidation.feature:11&amp#27;[39m
Using Card ID: 6906b6923e534039f75f3084
  &amp#27;[32mâœ”&amp#27;[39m &amp#27;[32m&amp#27;[1mGiven &amp#27;[22mCard ID is stored from previous response&amp#27;[39m                                &amp#27;[90m# stepDefinitionFile.CardStepDefinitions.card_id_stored()&amp#27;[39m
Prepared payload to update card name to: First Card Updated
  &amp#27;[32mâœ”&amp#27;[39m &amp#27;[32m&amp#27;[1mAnd &amp#27;[22mUpdate Card Payload with Card name &amp#27;[1m"First Card Updated"&amp#27;[22m&amp#27;[39m                   &amp#27;[90m# stepDefinitionFile.CardStepDefinitions.update_card_payload(java.lang.String)&amp#27;[39m
Calling API: UPDATE_CARD_API using method: put
API call completed. Endpoint: /cards/6906b6923e534039f75f3084, Status: 200
  &amp#27;[32mâœ”&amp#27;[39m &amp#27;[32m&amp#27;[1mWhen &amp#27;[22mUser call &amp#27;[1m"UPDATE_CARD_API"&amp#27;[22m by using &amp#27;[1m"put"&amp#27;[22m request&amp#27;[39m                       &amp#27;[90m# stepDefinitionFile.CommonSteps.user_call_api(java.lang.String,java.lang.String)&amp#27;[39m
  &amp#27;[32mâœ”&amp#27;[39m &amp#27;[32m&amp#27;[1mThen &amp#27;[22mAPI call is successfully with 200 status code&amp#27;[39m                            &amp#27;[90m# stepDefinitionFile.CommonSteps.api_call_is_successfully_with_200_status_code()&amp#27;[39m
Card verified successfully: First Card Updated
  &amp#27;[32mâœ”&amp#27;[39m &amp#27;[32m&amp#27;[1mAnd &amp#27;[22mVerify Card details with name &amp#27;[1m"First Card Updated"&amp#27;[22m and associated List ID&amp#27;[39m &amp#27;[90m# stepDefinitionFile.CardStepDefinitions.verify_card_details(java.lang.String)&amp#27;[39m
]]></system-out>
  </testcase>
  <testcase name="Delete a card" classname="Validation of Trello Cards" time="0.47">
    <system-out><![CDATA[
&amp#27;[1mScenario:&amp#27;[22m Delete a card                                        &amp#27;[90m# file:///C:/WebProject/Trello/src/test/java/features/CardValidation.feature:19&amp#27;[39m
Using Card ID: 6906b6923e534039f75f3084
  &amp#27;[32mâœ”&amp#27;[39m &amp#27;[32m&amp#27;[1mGiven &amp#27;[22mCard ID is stored from previous response&amp#27;[39m             &amp#27;[90m# stepDefinitionFile.CardStepDefinitions.card_id_stored()&amp#27;[39m
Prepared payload for deleting card ID: 6906b6923e534039f75f3084
  &amp#27;[32mâœ”&amp#27;[39m &amp#27;[32m&amp#27;[1mAnd &amp#27;[22mDelete Card Payload is ready&amp#27;[39m                           &amp#27;[90m# stepDefinitionFile.CardStepDefinitions.delete_card_payload_is_ready()&amp#27;[39m
Calling API: DELETE_CARD_API using method: delete
API call completed. Endpoint: /cards/6906b6923e534039f75f3084, Status: 200
  &amp#27;[32mâœ”&amp#27;[39m &amp#27;[32m&amp#27;[1mWhen &amp#27;[22mUser call &amp#27;[1m"DELETE_CARD_API"&amp#27;[22m by using &amp#27;[1m"delete"&amp#27;[22m request&amp#27;[39m &amp#27;[90m# stepDefinitionFile.CommonSteps.user_call_api(java.lang.String,java.lang.String)&amp#27;[39m
  &amp#27;[32mâœ”&amp#27;[39m &amp#27;[32m&amp#27;[1mThen &amp#27;[22mAPI call is successfully with 200 status code&amp#27;[39m         &amp#27;[90m# stepDefinitionFile.CommonSteps.api_call_is_successfully_with_200_status_code()&amp#27;[39m
Card deleted successfully. Status: 200
  &amp#27;[32mâœ”&amp#27;[39m &amp#27;[32m&amp#27;[1mAnd &amp#27;[22mVerify the card is deleted successfully&amp#27;[39m                &amp#27;[90m# stepDefinitionFile.CardStepDefinitions.verify_card_deleted()&amp#27;[39m
]]></system-out>
  </testcase>
  <testcase name="Create a new label under an existing board" classname="Validation of Trello Labels" time="0.451">
    <system-out><![CDATA[
&amp#27;[1mScenario:&amp#27;[22m Create a new label under an existing board                                    &amp#27;[90m# file:///C:/WebProject/Trello/src/test/java/features/CreateLabel.feature:3&amp#27;[39m
Using stored Board ID: 6906b68ef15f686d08bda6ea
  &amp#27;[32mâœ”&amp#27;[39m &amp#27;[32m&amp#27;[1mGiven &amp#27;[22mBoard ID is stored from previous response&amp#27;[39m                                     &amp#27;[90m# stepDefinitionFile.CommonSteps.board_id_stored()&amp#27;[39m
Prepared payload to create label: Urgent, color: yellow
  &amp#27;[32mâœ”&amp#27;[39m &amp#27;[32m&amp#27;[1mAnd &amp#27;[22mAdd Label Payload with Label name &amp#27;[1m"Urgent"&amp#27;[22m and color &amp#27;[1m"yellow"&amp#27;[22m&amp#27;[39m                   &amp#27;[90m# stepDefinitionFile.LabelStepDefinitions.add_label_payload_with_label_name_and_color(java.lang.String,java.lang.String)&amp#27;[39m
Calling API: CREATE_LABEL_API using method: post
API call completed. Endpoint: /labels, Status: 200
  &amp#27;[32mâœ”&amp#27;[39m &amp#27;[32m&amp#27;[1mWhen &amp#27;[22mUser call &amp#27;[1m"CREATE_LABEL_API"&amp#27;[22m by using &amp#27;[1m"post"&amp#27;[22m request&amp#27;[39m                           &amp#27;[90m# stepDefinitionFile.CommonSteps.user_call_api(java.lang.String,java.lang.String)&amp#27;[39m
  &amp#27;[32mâœ”&amp#27;[39m &amp#27;[32m&amp#27;[1mThen &amp#27;[22mAPI call is successfully with 200 status code&amp#27;[39m                                  &amp#27;[90m# stepDefinitionFile.CommonSteps.api_call_is_successfully_with_200_status_code()&amp#27;[39m
Label verified successfully: ID=6906b693b8c76b81cb643e76, Name=Urgent, Color=yellow
  &amp#27;[32mâœ”&amp#27;[39m &amp#27;[32m&amp#27;[1mAnd &amp#27;[22mVerify Label details with name &amp#27;[1m"Urgent"&amp#27;[22m, color &amp#27;[1m"yellow"&amp#27;[22m and associated Board ID&amp#27;[39m &amp#27;[90m# stepDefinitionFile.LabelStepDefinitions.verify_label_details_with_name_color_and_associated_board_id(java.lang.String,java.lang.String)&amp#27;[39m
]]></system-out>
  </testcase>
  <testcase name="Update an existing label" classname="Validation of Trello Labels" time="0.47">
    <system-out><![CDATA[
&amp#27;[1mScenario:&amp#27;[22m Update an existing label                                        &amp#27;[90m# file:///C:/WebProject/Trello/src/test/java/features/CreateLabel.feature:10&amp#27;[39m
Using Label ID: 6906b693b8c76b81cb643e76
  &amp#27;[32mâœ”&amp#27;[39m &amp#27;[32m&amp#27;[1mGiven &amp#27;[22mLabel ID is stored from previous response&amp#27;[39m                       &amp#27;[90m# stepDefinitionFile.LabelStepDefinitions.label_id_stored()&amp#27;[39m
Prepared payload to update label: Urgent Update, color: purple
  &amp#27;[32mâœ”&amp#27;[39m &amp#27;[32m&amp#27;[1mAnd &amp#27;[22mUpdate Label Payload with name &amp#27;[1m"Urgent Update"&amp#27;[22m and color &amp#27;[1m"purple"&amp#27;[22m&amp#27;[39m &amp#27;[90m# stepDefinitionFile.LabelStepDefinitions.update_label_payload(java.lang.String,java.lang.String)&amp#27;[39m
Calling API: UPDATE_LABEL_API using method: put
API call completed. Endpoint: /labels/6906b693b8c76b81cb643e76, Status: 200
  &amp#27;[32mâœ”&amp#27;[39m &amp#27;[32m&amp#27;[1mWhen &amp#27;[22mUser call &amp#27;[1m"UPDATE_LABEL_API"&amp#27;[22m by using &amp#27;[1m"put"&amp#27;[22m request&amp#27;[39m              &amp#27;[90m# stepDefinitionFile.CommonSteps.user_call_api(java.lang.String,java.lang.String)&amp#27;[39m
  &amp#27;[32mâœ”&amp#27;[39m &amp#27;[32m&amp#27;[1mThen &amp#27;[22mAPI call is successfully with 200 status code&amp#27;[39m                    &amp#27;[90m# stepDefinitionFile.CommonSteps.api_call_is_successfully_with_200_status_code()&amp#27;[39m
Label verified successfully: ID=6906b693b8c76b81cb643e76, Name=Urgent Update, Color=purple
  &amp#27;[32mâœ”&amp#27;[39m &amp#27;[32m&amp#27;[1mAnd &amp#27;[22mVerify Label details with name &amp#27;[1m"Urgent Update"&amp#27;[22m and color &amp#27;[1m"purple"&amp#27;[22m&amp#27;[39m &amp#27;[90m# stepDefinitionFile.LabelStepDefinitions.verify_label_details(java.lang.String,java.lang.String)&amp#27;[39m
]]></system-out>
  </testcase>
  <testcase name="Get an existing label by ID" classname="Validation of Trello Labels" time="0.42">
    <system-out><![CDATA[
&amp#27;[1mScenario:&amp#27;[22m Get an existing label by ID                                     &amp#27;[90m# file:///C:/WebProject/Trello/src/test/java/features/CreateLabel.feature:17&amp#27;[39m
Using Label ID: 6906b693b8c76b81cb643e76
  &amp#27;[32mâœ”&amp#27;[39m &amp#27;[32m&amp#27;[1mGiven &amp#27;[22mLabel ID is stored from previous response&amp#27;[39m                       &amp#27;[90m# stepDefinitionFile.LabelStepDefinitions.label_id_stored()&amp#27;[39m
Calling API: GET_LABEL_API using method: get
API call completed. Endpoint: /labels/6906b693b8c76b81cb643e76, Status: 200
  &amp#27;[32mâœ”&amp#27;[39m &amp#27;[32m&amp#27;[1mWhen &amp#27;[22mUser call &amp#27;[1m"GET_LABEL_API"&amp#27;[22m by using &amp#27;[1m"get"&amp#27;[22m request&amp#27;[39m                 &amp#27;[90m# stepDefinitionFile.CommonSteps.user_call_api(java.lang.String,java.lang.String)&amp#27;[39m
  &amp#27;[32mâœ”&amp#27;[39m &amp#27;[32m&amp#27;[1mThen &amp#27;[22mAPI call is successfully with 200 status code&amp#27;[39m                    &amp#27;[90m# stepDefinitionFile.CommonSteps.api_call_is_successfully_with_200_status_code()&amp#27;[39m
Label verified successfully: ID=6906b693b8c76b81cb643e76, Name=Urgent Update, Color=purple
  &amp#27;[32mâœ”&amp#27;[39m &amp#27;[32m&amp#27;[1mAnd &amp#27;[22mVerify Label details with name &amp#27;[1m"Urgent Update"&amp#27;[22m and color &amp#27;[1m"purple"&amp#27;[22m&amp#27;[39m &amp#27;[90m# stepDefinitionFile.LabelStepDefinitions.verify_label_details(java.lang.String,java.lang.String)&amp#27;[39m
]]></system-out>
  </testcase>
  <testcase name="Delete an existing label" classname="Validation of Trello Labels" time="0.426">
    <system-out><![CDATA[
&amp#27;[1mScenario:&amp#27;[22m Delete an existing label                              &amp#27;[90m# file:///C:/WebProject/Trello/src/test/java/features/CreateLabel.feature:23&amp#27;[39m
Using Label ID: 6906b693b8c76b81cb643e76
  &amp#27;[32mâœ”&amp#27;[39m &amp#27;[32m&amp#27;[1mGiven &amp#27;[22mLabel ID is stored from previous response&amp#27;[39m             &amp#27;[90m# stepDefinitionFile.LabelStepDefinitions.label_id_stored()&amp#27;[39m
Calling API: DELETE_LABEL_API using method: delete
API call completed. Endpoint: /labels/6906b693b8c76b81cb643e76, Status: 200
  &amp#27;[32mâœ”&amp#27;[39m &amp#27;[32m&amp#27;[1mWhen &amp#27;[22mUser call &amp#27;[1m"DELETE_LABEL_API"&amp#27;[22m by using &amp#27;[1m"delete"&amp#27;[22m request&amp#27;[39m &amp#27;[90m# stepDefinitionFile.CommonSteps.user_call_api(java.lang.String,java.lang.String)&amp#27;[39m
Label deleted successfully. ID: 6906b693b8c76b81cb643e76
  &amp#27;[32mâœ”&amp#27;[39m &amp#27;[32m&amp#27;[1mThen &amp#27;[22mVerify Label is deleted successfully&amp#27;[39m                   &amp#27;[90m# stepDefinitionFile.LabelStepDefinitions.verify_label_is_deleted_successfully()&amp#27;[39m
]]></system-out>
  </testcase>
  <testcase name="Create a new list under an existing board" classname="Validation of Trello Lists" time="0.41">
    <system-out><![CDATA[
&amp#27;[1mScenario:&amp#27;[22m Create a new list under an existing board                     &amp#27;[90m# file:///C:/WebProject/Trello/src/test/java/features/ListValidation.feature:3&amp#27;[39m
Using stored Board ID: 6906b68ef15f686d08bda6ea
  &amp#27;[32mâœ”&amp#27;[39m &amp#27;[32m&amp#27;[1mGiven &amp#27;[22mBoard ID is stored from previous response&amp#27;[39m                     &amp#27;[90m# stepDefinitionFile.CommonSteps.board_id_stored()&amp#27;[39m
Prepared List payload for board ID: 6906b68ef15f686d08bda6ea
  &amp#27;[32mâœ”&amp#27;[39m &amp#27;[32m&amp#27;[1mAnd &amp#27;[22mAdd List Payload with List name &amp#27;[1m"Backlog"&amp#27;[22m&amp#27;[39m                       &amp#27;[90m# stepDefinitionFile.ListStepDefinitions.add_list_payload(java.lang.String)&amp#27;[39m
Calling API: CREATE_LIST_API using method: post
API call completed. Endpoint: /lists, Status: 200
  &amp#27;[32mâœ”&amp#27;[39m &amp#27;[32m&amp#27;[1mWhen &amp#27;[22mUser call &amp#27;[1m"CREATE_LIST_API"&amp#27;[22m by using &amp#27;[1m"post"&amp#27;[22m request&amp#27;[39m            &amp#27;[90m# stepDefinitionFile.CommonSteps.user_call_api(java.lang.String,java.lang.String)&amp#27;[39m
  &amp#27;[32mâœ”&amp#27;[39m &amp#27;[32m&amp#27;[1mThen &amp#27;[22mAPI call is successfully with 200 status code&amp#27;[39m                  &amp#27;[90m# stepDefinitionFile.CommonSteps.api_call_is_successfully_with_200_status_code()&amp#27;[39m
Verified List: Backlog, List ID: 6906b6955c8e136ebb90d7a0
  &amp#27;[32mâœ”&amp#27;[39m &amp#27;[32m&amp#27;[1mAnd &amp#27;[22mVerify List details with name &amp#27;[1m"Backlog"&amp#27;[22m and associated Board ID&amp#27;[39m &amp#27;[90m# stepDefinitionFile.ListStepDefinitions.verify_list_details(java.lang.String)&amp#27;[39m
]]></system-out>
  </testcase>
  <testcase name="Update the existing list name" classname="Validation of Trello Lists" time="0.38">
    <system-out><![CDATA[
&amp#27;[1mScenario:&amp#27;[22m Update the existing list name                                            &amp#27;[90m# file:///C:/WebProject/Trello/src/test/java/features/ListValidation.feature:10&amp#27;[39m
Using existing list ID: 6906b6955c8e136ebb90d7a0
  &amp#27;[32mâœ”&amp#27;[39m &amp#27;[32m&amp#27;[1mGiven &amp#27;[22mList ID is stored from previous response&amp#27;[39m                                 &amp#27;[90m# stepDefinitionFile.ListStepDefinitions.list_id_is_stored_from_previous_response()&amp#27;[39m
Prepared payload to update list ID: 6906b6955c8e136ebb90d7a0 with new name: Backlog_one_Update
  &amp#27;[32mâœ”&amp#27;[39m &amp#27;[32m&amp#27;[1mAnd &amp#27;[22mUpdate List Payload with List name &amp#27;[1m"Backlog_one_Update"&amp#27;[22m&amp#27;[39m                    &amp#27;[90m# stepDefinitionFile.ListStepDefinitions.update_list_payload(java.lang.String)&amp#27;[39m
Calling API: UPDATE_LIST_API using method: put
API call completed. Endpoint: /lists/6906b6955c8e136ebb90d7a0, Status: 200
  &amp#27;[32mâœ”&amp#27;[39m &amp#27;[32m&amp#27;[1mWhen &amp#27;[22mUser call &amp#27;[1m"UPDATE_LIST_API"&amp#27;[22m by using &amp#27;[1m"put"&amp#27;[22m request&amp#27;[39m                        &amp#27;[90m# stepDefinitionFile.CommonSteps.user_call_api(java.lang.String,java.lang.String)&amp#27;[39m
  &amp#27;[32mâœ”&amp#27;[39m &amp#27;[32m&amp#27;[1mThen &amp#27;[22mAPI call is successfully with 200 status code&amp#27;[39m                             &amp#27;[90m# stepDefinitionFile.CommonSteps.api_call_is_successfully_with_200_status_code()&amp#27;[39m
Verified List: Backlog_one_Update, List ID: 6906b6955c8e136ebb90d7a0
  &amp#27;[32mâœ”&amp#27;[39m &amp#27;[32m&amp#27;[1mAnd &amp#27;[22mVerify List details with name &amp#27;[1m"Backlog_one_Update"&amp#27;[22m and associated Board ID&amp#27;[39m &amp#27;[90m# stepDefinitionFile.ListStepDefinitions.verify_list_details(java.lang.String)&amp#27;[39m
]]></system-out>
  </testcase>
  <testcase name="Fetch an existing list by ID" classname="Validation of Trello Lists" time="0.35">
    <system-out><![CDATA[
&amp#27;[1mScenario:&amp#27;[22m Fetch an existing list by ID                                             &amp#27;[90m# file:///C:/WebProject/Trello/src/test/java/features/ListValidation.feature:17&amp#27;[39m
Using existing list ID: 6906b6955c8e136ebb90d7a0
  &amp#27;[32mâœ”&amp#27;[39m &amp#27;[32m&amp#27;[1mGiven &amp#27;[22mList ID is stored from previous response&amp#27;[39m                                 &amp#27;[90m# stepDefinitionFile.ListStepDefinitions.list_id_is_stored_from_previous_response()&amp#27;[39m
Calling API: GET_LIST_API using method: get
API call completed. Endpoint: /lists/6906b6955c8e136ebb90d7a0, Status: 200
  &amp#27;[32mâœ”&amp#27;[39m &amp#27;[32m&amp#27;[1mWhen &amp#27;[22mUser call &amp#27;[1m"GET_LIST_API"&amp#27;[22m by using &amp#27;[1m"get"&amp#27;[22m request&amp#27;[39m                           &amp#27;[90m# stepDefinitionFile.CommonSteps.user_call_api(java.lang.String,java.lang.String)&amp#27;[39m
  &amp#27;[32mâœ”&amp#27;[39m &amp#27;[32m&amp#27;[1mThen &amp#27;[22mAPI call is successfully with 200 status code&amp#27;[39m                             &amp#27;[90m# stepDefinitionFile.CommonSteps.api_call_is_successfully_with_200_status_code()&amp#27;[39m
Verified List: Backlog_one_Update, List ID: 6906b6955c8e136ebb90d7a0
  &amp#27;[32mâœ”&amp#27;[39m &amp#27;[32m&amp#27;[1mAnd &amp#27;[22mVerify List details with name &amp#27;[1m"Backlog_one_Update"&amp#27;[22m and associated Board ID&amp#27;[39m &amp#27;[90m# stepDefinitionFile.ListStepDefinitions.verify_list_details(java.lang.String)&amp#27;[39m
Verified datasource filter is false for List ID: 6906b6955c8e136ebb90d7a0
  &amp#27;[32mâœ”&amp#27;[39m &amp#27;[32m&amp#27;[1mAnd &amp#27;[22mVerify datasource filter is false&amp#27;[39m                                          &amp#27;[90m# stepDefinitionFile.ListStepDefinitions.verify_datasource_filter_is_false()&amp#27;[39m
]]></system-out>
  </testcase>
  <testcase name="Move an existing list to another board" classname="Validation of Trello Lists" time="1.154">
    <system-out><![CDATA[
&amp#27;[1mScenario:&amp#27;[22m Move an existing list to another board                               &amp#27;[90m# file:///C:/WebProject/Trello/src/test/java/features/ListValidation.feature:24&amp#27;[39m
Created new board for moving list. ID: 6906b6962e46049e8f273016
  &amp#27;[32mâœ”&amp#27;[39m &amp#27;[32m&amp#27;[1mGiven &amp#27;[22mA new board is created for moving list with name &amp#27;[1m"Destination_Board"&amp#27;[22m&amp#27;[39m &amp#27;[90m# stepDefinitionFile.ListStepDefinitions.create_new_board_for_move(java.lang.String)&amp#27;[39m
Stored newBoardId: 6906b6962e46049e8f273016
  &amp#27;[32mâœ”&amp#27;[39m &amp#27;[32m&amp#27;[1mAnd &amp#27;[22mStore its Board ID as newBoardId&amp#27;[39m                                       &amp#27;[90m# stepDefinitionFile.ListStepDefinitions.store_new_board_id()&amp#27;[39m
Using existing list ID: 6906b6955c8e136ebb90d7a0
  &amp#27;[32mâœ”&amp#27;[39m &amp#27;[32m&amp#27;[1mAnd &amp#27;[22mList ID is stored from previous response&amp#27;[39m                               &amp#27;[90m# stepDefinitionFile.ListStepDefinitions.list_id_is_stored_from_previous_response()&amp#27;[39m
Calling API: MOVE_LIST_TO_BOARD_API using method: put
API call completed. Endpoint: /lists/6906b6955c8e136ebb90d7a0/idBoard, Status: 200
  &amp#27;[32mâœ”&amp#27;[39m &amp#27;[32m&amp#27;[1mWhen &amp#27;[22mUser call &amp#27;[1m"MOVE_LIST_TO_BOARD_API"&amp#27;[22m by using &amp#27;[1m"put"&amp#27;[22m request&amp#27;[39m             &amp#27;[90m# stepDefinitionFile.CommonSteps.user_call_api(java.lang.String,java.lang.String)&amp#27;[39m
  &amp#27;[32mâœ”&amp#27;[39m &amp#27;[32m&amp#27;[1mThen &amp#27;[22mAPI call is successfully with 200 status code&amp#27;[39m                         &amp#27;[90m# stepDefinitionFile.CommonSteps.api_call_is_successfully_with_200_status_code()&amp#27;[39m
List successfully moved to new board: 6906b6962e46049e8f273016
  &amp#27;[32mâœ”&amp#27;[39m &amp#27;[32m&amp#27;[1mAnd &amp#27;[22mVerify the list has been moved to new board successfully&amp#27;[39m               &amp#27;[90m# stepDefinitionFile.ListStepDefinitions.verify_list_moved_to_new_board()&amp#27;[39m
]]></system-out>
  </testcase>
</testsuite>